<?xml version="1.0" encoding="UTF-8"?>
<!-- Generated by org.testng.reporters.JUnitReportReporter -->
<testsuite hostname="Bakos" failures="0" tests="1" name="restAPI.DeleteRequest" time="2.008" errors="0" timestamp="2024-02-18T13:29:40 CST" skipped="0">
  <testcase classname="restAPI.DeleteRequest" name="test1" time="2.008"/>
</testsuite> <!-- restAPI.DeleteRequest -->
