<?xml version="1.0" encoding="UTF-8"?>
<!-- Generated by org.testng.reporters.JUnitReportReporter -->
<testsuite hostname="Bakos" failures="0" tests="1" name="restAPI.GetRequest" time="3.429" errors="0" timestamp="2024-02-18T21:15:37 CST" skipped="0">
  <testcase classname="restAPI.GetRequest" name="test" time="3.429"/>
</testsuite> <!-- restAPI.GetRequest -->
