<?xml version="1.0" encoding="UTF-8"?>
<!-- Generated by org.testng.reporters.JUnitReportReporter -->
<testsuite hostname="Bakos" failures="0" tests="1" name="restAPI.GetSingleEmployee" time="3.629" errors="0" timestamp="2024-02-18T21:16:43 CST" skipped="0">
  <testcase classname="restAPI.GetSingleEmployee" name="test" time="3.629"/>
</testsuite> <!-- restAPI.GetSingleEmployee -->
