<?xml version="1.0" encoding="UTF-8"?>
<!-- Generated by org.testng.reporters.JUnitReportReporter -->
<testsuite hostname="Bakos" failures="0" tests="1" name="restAPI.GetSingleEmployee" time="2.168" errors="0" timestamp="2024-02-18T12:51:08 CST" skipped="0">
  <testcase classname="restAPI.GetSingleEmployee" name="test" time="2.168"/>
</testsuite> <!-- restAPI.GetSingleEmployee -->
