<?xml version="1.0" encoding="UTF-8"?>
<!-- Generated by org.testng.reporters.JUnitReportReporter -->
<testsuite hostname="Bakos" failures="0" tests="1" name="restAPI.PutRequest" time="2.414" errors="0" timestamp="2024-02-18T13:24:13 CST" skipped="0">
  <testcase classname="restAPI.PutRequest" name="test2" time="2.414"/>
</testsuite> <!-- restAPI.PutRequest -->
