<?xml version="1.0" encoding="UTF-8"?>
<!-- Generated by org.testng.reporters.JUnitReportReporter -->
<testsuite hostname="Bakos" failures="0" tests="1" name="restAPI.PostRequest" time="2.093" errors="0" timestamp="2024-02-18T13:17:13 CST" skipped="0">
  <testcase classname="restAPI.PostRequest" name="test1" time="2.093"/>
</testsuite> <!-- restAPI.PostRequest -->
