<?xml version="1.0" encoding="UTF-8"?>
<!-- Generated by org.testng.reporters.JUnitReportReporter -->
<testsuite hostname="Bakos" failures="0" tests="1" name="restAPI.GetRequest" time="2.250" errors="0" timestamp="2024-02-18T13:50:38 CST" skipped="0">
  <testcase classname="restAPI.GetRequest" name="test" time="2.250"/>
</testsuite> <!-- restAPI.GetRequest -->
